<?xml version="1.0" encoding="UTF-8"?>
<!-- Generated by org.testng.reporters.JUnitXMLReporter -->
<testsuite hostname="DESKTOP-FFG0BLJ" ignored="0" name="LoginTest" tests="3" failures="0" timestamp="2022-02-08T17:49:35 CST" time="37.786" errors="0">
  <testcase name="ValidUserShouldBeAbleToLoginPage" time="5.923" classname="test.LoginTest"/>
  <testcase name="ValidUserShouldBeAbleToLoginPage" time="14.124" classname="test.AddCustomerTest"/>
  <testcase name="ValidUserShouldBeAbleToUseSearchBarLocator" time="17.697" classname="test.AddCustomerTest"/>
</testsuite> <!-- LoginTest -->
