<?xml version="1.0" encoding="UTF-8"?>
<testng-results skipped="0" failed="0" ignored="0" total="3" passed="3">
  <reporter-output>
  </reporter-output>
  <suite name="RegressionTest" duration-ms="37786" started-at="2022-02-08T17:48:58 CST" finished-at="2022-02-08T17:49:35 CST">
    <groups>
    </groups>
    <test name="LoginTest" duration-ms="37786" started-at="2022-02-08T17:48:58 CST" finished-at="2022-02-08T17:49:35 CST">
      <class name="test.AddCustomerTest">
        <test-method status="PASS" signature="ValidUserShouldBeAbleToLoginPage(java.lang.String,java.lang.String,java.lang.String,java.lang.String,java.lang.String,java.lang.String,java.lang.String,java.lang.String,java.lang.String,java.lang.String,java.lang.String)[pri:0, instance:test.AddCustomerTest@646d64ab]" name="ValidUserShouldBeAbleToLoginPage" duration-ms="14124" started-at="2022-02-08T17:49:04 CST" finished-at="2022-02-08T17:49:18 CST">
          <params>
            <param index="0">
              <value>
                <![CDATA[demo@techfios.com]]>
              </value>
            </param>
            <param index="1">
              <value>
                <![CDATA[abc123]]>
              </value>
            </param>
            <param index="2">
              <value>
                <![CDATA[John]]>
              </value>
            </param>
            <param index="3">
              <value>
                <![CDATA[VMC Solution]]>
              </value>
            </param>
            <param index="4">
              <value>
                <![CDATA[john@yahoo.com]]>
              </value>
            </param>
            <param index="5">
              <value>
                <![CDATA[3828822]]>
              </value>
            </param>
            <param index="6">
              <value>
                <![CDATA[TechfiosBuilding]]>
              </value>
            </param>
            <param index="7">
              <value>
                <![CDATA[Dallas]]>
              </value>
            </param>
            <param index="8">
              <value>
                <![CDATA[TX]]>
              </value>
            </param>
            <param index="9">
              <value>
                <![CDATA[48383]]>
              </value>
            </param>
            <param index="10">
              <value>
                <![CDATA[September_QA_2021]]>
              </value>
            </param>
          </params>
          <reporter-output>
          </reporter-output>
        </test-method> <!-- ValidUserShouldBeAbleToLoginPage -->
        <test-method status="PASS" signature="ValidUserShouldBeAbleToUseSearchBarLocator(java.lang.String,java.lang.String,java.lang.String,java.lang.String,java.lang.String,java.lang.String,java.lang.String,java.lang.String,java.lang.String,java.lang.String,java.lang.String)[pri:0, instance:test.AddCustomerTest@646d64ab]" name="ValidUserShouldBeAbleToUseSearchBarLocator" duration-ms="17697" started-at="2022-02-08T17:49:18 CST" finished-at="2022-02-08T17:49:35 CST">
          <params>
            <param index="0">
              <value>
                <![CDATA[demo@techfios.com]]>
              </value>
            </param>
            <param index="1">
              <value>
                <![CDATA[abc123]]>
              </value>
            </param>
            <param index="2">
              <value>
                <![CDATA[John]]>
              </value>
            </param>
            <param index="3">
              <value>
                <![CDATA[VMC Solution]]>
              </value>
            </param>
            <param index="4">
              <value>
                <![CDATA[john@yahoo.com]]>
              </value>
            </param>
            <param index="5">
              <value>
                <![CDATA[3828822]]>
              </value>
            </param>
            <param index="6">
              <value>
                <![CDATA[TechfiosBuilding]]>
              </value>
            </param>
            <param index="7">
              <value>
                <![CDATA[Dallas]]>
              </value>
            </param>
            <param index="8">
              <value>
                <![CDATA[TX]]>
              </value>
            </param>
            <param index="9">
              <value>
                <![CDATA[48383]]>
              </value>
            </param>
            <param index="10">
              <value>
                <![CDATA[September_QA_2021]]>
              </value>
            </param>
          </params>
          <reporter-output>
          </reporter-output>
        </test-method> <!-- ValidUserShouldBeAbleToUseSearchBarLocator -->
      </class> <!-- test.AddCustomerTest -->
      <class name="test.LoginTest">
        <test-method status="PASS" signature="ValidUserShouldBeAbleToLoginPage(java.lang.String,java.lang.String)[pri:0, instance:test.LoginTest@3b088d51]" name="ValidUserShouldBeAbleToLoginPage" duration-ms="5923" started-at="2022-02-08T17:48:58 CST" finished-at="2022-02-08T17:49:03 CST">
          <params>
            <param index="0">
              <value>
                <![CDATA[demo@techfios.com]]>
              </value>
            </param>
            <param index="1">
              <value>
                <![CDATA[abc123]]>
              </value>
            </param>
          </params>
          <reporter-output>
          </reporter-output>
        </test-method> <!-- ValidUserShouldBeAbleToLoginPage -->
      </class> <!-- test.LoginTest -->
    </test> <!-- LoginTest -->
  </suite> <!-- RegressionTest -->
</testng-results>
